<?xml version="1.0" encoding="UTF-8"?>
<!-- Generated by org.testng.reporters.JUnitReportReporter -->
<testsuite skipped="0" hostname="DESKTOP-UOFHS73" name="testCases.SignInTest" tests="1" failures="0" timestamp="2020-09-04T16:11:55 EET" time="28.991" errors="0">
  <testcase name="signInTestCase" time="28.991" classname="testCases.SignInTest"/>
  <system-out/>
</testsuite> <!-- testCases.SignInTest -->
